build/features/home/intermediates/manifest_merge_blame_file/debug/manifest-merger-blame-debug-report.txt
1<?xml version="1.0" encoding="utf-8"?>
2<manifest xmlns:android="http://schemas.android.com/apk/res/android"
3    xmlns:dist="http://schemas.android.com/apk/distribution"
4    featureSplit="home"
5    package="vn.techres.android.weather"
6    android:versionCode="15"
7    android:versionName="1.3.72" >
8
9    <uses-sdk
10        android:minSdkVersion="24"
10-->src\main\AndroidManifest.xml
11        android:targetSdkVersion="24" />
11-->src\main\AndroidManifest.xml
12
13    <dist:module
13-->src\main\AndroidManifest.xml:5:5-13:19
14        dist:instant="false"
14-->src\main\AndroidManifest.xml:6:9-29
15        dist:title="@string/title_home" >
15-->src\main\AndroidManifest.xml:7:9-40
16        <dist:delivery>
16-->src\main\AndroidManifest.xml:8:9-10:25
17            <dist:install-time />
17-->src\main\AndroidManifest.xml:9:13-34
18        </dist:delivery>
19
20        <dist:fusing dist:include="true" />
20-->src\main\AndroidManifest.xml:12:9-44
20-->src\main\AndroidManifest.xml:12:22-41
21    </dist:module>
22
23    <application
23-->src\main\AndroidManifest.xml:15:5-22:19
24        android:debuggable="true"
25        android:extractNativeLibs="false" >
26        <activity
26-->src\main\AndroidManifest.xml:16:9-18:40
27            android:name="vn.techres.android.weather.home.ui.activity.SearchActivity"
27-->src\main\AndroidManifest.xml:17:13-55
28            android:exported="false"
28-->src\main\AndroidManifest.xml:18:13-37
29            android:splitName="home" />
30        <activity
30-->src\main\AndroidManifest.xml:19:9-21:40
31            android:name="vn.techres.android.weather.home.ui.activity.ListAddressActivity"
31-->src\main\AndroidManifest.xml:20:13-60
32            android:exported="false"
32-->src\main\AndroidManifest.xml:21:13-37
33            android:splitName="home" />
34    </application>
35
36</manifest>